#
# A fatal error has been detected by the Java Runtime Environment:
#
#  EXCEPTION_ACCESS_VIOLATION (0xc0000005) at pc=0x00007ffcc67df8b6, pid=10256, tid=0x0000000000005af8
#
# JRE version: Java(TM) SE Runtime Environment (8.0_251-b08) (build 1.8.0_251-b08)
# Java VM: Java HotSpot(TM) 64-Bit Server VM (25.251-b08 mixed mode windows-amd64 compressed oops)
# Problematic frame:
# C  [msvcrt.dll+0x4f8b6]
#
# Failed to write core dump. Minidumps are not enabled by default on client versions of Windows
#
# If you would like to submit a bug report, please visit:
#   http://bugreport.java.com/bugreport/crash.jsp
# The crash happened outside the Java Virtual Machine in native code.
# See problematic frame for where to report the bug.
#

---------------  T H R E A D  ---------------

Current thread (0x0000000003363000):  JavaThread "main" [_thread_in_native, id=23288, stack(0x0000000002f40000,0x0000000003040000)]

siginfo: ExceptionCode=0xc0000005, reading address 0x00000000000081b6

Registers:
RAX=0x00000000000081b6, RBX=0x00000000000081b6, RCX=0x0000000000000009, RDX=0x0000000000000073
RSP=0x000000000303f310, RBP=0x000000000303f410, RSI=0x000000006240413f, RDI=0x000000000303f673
R8 =0xffffffffffffffff, R9 =0x0000000000000007, R10=0x0000000000000000, R11=0x0000000000000200
R12=0x000000000000000a, R13=0x000000000303f670, R14=0x0000000000000000, R15=0x0000000000000000
RIP=0x00007ffcc67df8b6, EFLAGS=0x0000000000010206

Top of Stack: (sp=0x000000000303f310)
0x000000000303f310:   000000000303f5be 00000000fffffffe
0x000000000303f320:   0000000000000002 0000000000000005
0x000000000303f330:   0297000c00320008 0000000001790150
0x000000000303f340:   be83c86600000020 0000000000000008
0x000000000303f350:   be83c86600000000 0000000000000000
0x000000000303f360:   0000000a00000000 0000000700000000
0x000000000303f370:   0000000000000000 00007ffcc681fa30
0x000000000303f380:   6c70704120676e69 0000000000000000
0x000000000303f390:   000000006240413f 0000006664702e72
0x000000000303f3a0:   00007ffcc681f0a0 0000000001793fb0
0x000000000303f3b0:   0000000001791790 0000000000001001
0x000000000303f3c0:   0000000005000306 0000000001791af6
0x000000000303f3d0:   0000000000000081 00007ffc05000306
0x000000000303f3e0:   0000000001790000 0000000008000008
0x000000000303f3f0:   0000000000001000 0000000000000000
0x000000000303f400:   00000000017927b0 0000000005000306 

Instructions: (pc=0x00007ffcc67df8b6)
0x00007ffcc67df896:   c9 75 f0 48 2b c3 48 d1 f8 eb 23 48 85 db 48 8d
0x00007ffcc67df8a6:   05 71 c7 02 00 48 0f 45 c3 48 8b d8 eb 0a ff c9
0x00007ffcc67df8b6:   44 38 10 74 07 48 ff c0 85 c9 75 f2 2b c3 89 44
0x00007ffcc67df8c6:   24 4c e9 8c 02 00 00 41 bc 10 00 00 00 41 0f ba 


Register to memory mapping:

RAX=0x00000000000081b6 is an unknown value
RBX=0x00000000000081b6 is an unknown value
RCX=0x0000000000000009 is an unknown value
RDX=0x0000000000000073 is an unknown value
RSP=0x000000000303f310 is pointing into the stack for thread: 0x0000000003363000
RBP=0x000000000303f410 is pointing into the stack for thread: 0x0000000003363000
RSI=0x000000006240413f is an unknown value
RDI=0x000000000303f673 is pointing into the stack for thread: 0x0000000003363000
R8 =0xffffffffffffffff is an unknown value
R9 =0x0000000000000007 is an unknown value
R10=0x0000000000000000 is an unknown value
R11=0x0000000000000200 is an unknown value
R12=0x000000000000000a is an unknown value
R13=0x000000000303f670 is pointing into the stack for thread: 0x0000000003363000
R14=0x0000000000000000 is an unknown value
R15=0x0000000000000000 is an unknown value


Stack: [0x0000000002f40000,0x0000000003040000],  sp=0x000000000303f310,  free space=1020k
Native frames: (J=compiled Java code, j=interpreted, Vv=VM code, C=native code)
C  [msvcrt.dll+0x4f8b6]
C  [msvcrt.dll+0x48bd1]
C  [hello.dll+0x16a3]
C  0x0000000003478c67

Java frames: (J=compiled Java code, j=interpreted, Vv=VM code)
j  HelloJNI.sayHello()V+0
j  HelloJNI.main([Ljava/lang/String;)V+7
v  ~StubRoutines::call_stub

---------------  P R O C E S S  ---------------

Java Threads: ( => current thread )
  0x000000001a36c000 JavaThread "Service Thread" daemon [_thread_blocked, id=16616, stack(0x000000001b000000,0x000000001b100000)]
  0x000000001a27c800 JavaThread "C1 CompilerThread3" daemon [_thread_in_vm, id=20780, stack(0x000000001af00000,0x000000001b000000)]
  0x000000001a27b800 JavaThread "C2 CompilerThread2" daemon [_thread_blocked, id=19400, stack(0x000000001ae00000,0x000000001af00000)]
  0x000000001a275000 JavaThread "C2 CompilerThread1" daemon [_thread_blocked, id=20872, stack(0x000000001ad00000,0x000000001ae00000)]
  0x000000001a255000 JavaThread "C2 CompilerThread0" daemon [_thread_in_native, id=1716, stack(0x000000001ac00000,0x000000001ad00000)]
  0x000000001a2c3800 JavaThread "Monitor Ctrl-Break" daemon [_thread_in_native, id=22140, stack(0x000000001ab00000,0x000000001ac00000)]
  0x000000001a231000 JavaThread "Attach Listener" daemon [_thread_in_native, id=15892, stack(0x000000001aa00000,0x000000001ab00000)]
  0x000000001a230000 JavaThread "Signal Dispatcher" daemon [_thread_blocked, id=12704, stack(0x000000001a900000,0x000000001aa00000)]
  0x0000000003458000 JavaThread "Finalizer" daemon [_thread_blocked, id=17272, stack(0x000000001a700000,0x000000001a800000)]
  0x000000001a220800 JavaThread "Reference Handler" daemon [_thread_blocked, id=18384, stack(0x000000001a600000,0x000000001a700000)]
=>0x0000000003363000 JavaThread "main" [_thread_in_native, id=23288, stack(0x0000000002f40000,0x0000000003040000)]

Other Threads:
  0x000000001840a000 VMThread [stack: 0x000000001a100000,0x000000001a200000] [id=17036]
  0x000000001a381800 WatcherThread [stack: 0x000000001b100000,0x000000001b200000] [id=22792]

VM state:not at safepoint (normal execution)

VM Mutex/Monitor currently owned by a thread: None

heap address: 0x0000000081600000, size: 2026 MB, Compressed Oops mode: 32-bit
Narrow klass base: 0x0000000000000000, Narrow klass shift: 3
Compressed class space size: 1073741824 Address: 0x0000000100000000

Heap:
 PSYoungGen      total 38400K, used 3344K [0x00000000d5d00000, 0x00000000d8780000, 0x0000000100000000)
  eden space 33280K, 10% used [0x00000000d5d00000,0x00000000d6044048,0x00000000d7d80000)
  from space 5120K, 0% used [0x00000000d8280000,0x00000000d8280000,0x00000000d8780000)
  to   space 5120K, 0% used [0x00000000d7d80000,0x00000000d7d80000,0x00000000d8280000)
 ParOldGen       total 87552K, used 0K [0x0000000081600000, 0x0000000086b80000, 0x00000000d5d00000)
  object space 87552K, 0% used [0x0000000081600000,0x0000000081600000,0x0000000086b80000)
 Metaspace       used 3452K, capacity 4496K, committed 4864K, reserved 1056768K
  class space    used 384K, capacity 388K, committed 512K, reserved 1048576K

Card table byte_map: [0x0000000012820000,0x0000000012c20000] byte_map_base: 0x0000000012415000

Marking Bits: (ParMarkBitMap*) 0x000000007706af90
 Begin Bits: [0x00000000136d0000, 0x0000000015678000)
 End Bits:   [0x0000000015678000, 0x0000000017620000)

Polling page: 0x0000000001700000

CodeCache: size=245760Kb used=1191Kb max_used=1203Kb free=244568Kb
 bounds [0x0000000003460000, 0x00000000036d0000, 0x0000000012460000]
 total_blobs=312 nmethods=49 adapters=176
 compilation: enabled

Compilation events (10 events):
Event: 0.243 Thread 0x000000001a27c800   27       3       java.lang.StringBuilder::append (8 bytes)
Event: 0.243 Thread 0x000000001a27c800 nmethod 27 0x0000000003576450 code [0x00000000035765c0, 0x0000000003576748]
Event: 0.244 Thread 0x000000001a275000 nmethod 19 0x0000000003579690 code [0x00000000035797e0, 0x0000000003579a88]
Event: 0.247 Thread 0x000000001a27c800   28       3       java.lang.String::indexOf (7 bytes)
Event: 0.247 Thread 0x000000001a27c800 nmethod 28 0x0000000003578810 code [0x0000000003578980, 0x0000000003578b88]
Event: 0.247 Thread 0x000000001a27c800   29       3       java.util.Arrays::copyOfRange (63 bytes)
Event: 0.248 Thread 0x000000001a27c800 nmethod 29 0x0000000003577590 code [0x00000000035777a0, 0x00000000035782d8]
Event: 0.248 Thread 0x000000001a27c800   30       3       java.lang.AbstractStringBuilder::append (50 bytes)
Event: 0.249 Thread 0x000000001a27c800 nmethod 30 0x0000000003576950 code [0x0000000003576b20, 0x0000000003577278]
Event: 0.249 Thread 0x000000001a27b800 nmethod 25 0x000000000357cb50 code [0x000000000357cca0, 0x000000000357cfc8]

GC Heap History (0 events):
No events

Deoptimization events (0 events):
No events

Classes redefined (0 events):
No events

Internal exceptions (2 events):
Event: 0.079 Thread 0x0000000003363000 Exception <a 'java/lang/NoSuchMethodError': Method sun.misc.Unsafe.defineClass(Ljava/lang/String;[BII)Ljava/lang/Class; name or signature does not match> (0x00000000d5d07cc0) thrown at [C:\jenkins\workspace\8-2-build-windows-amd64-cygwin\jdk8u251\737\hots
Event: 0.079 Thread 0x0000000003363000 Exception <a 'java/lang/NoSuchMethodError': Method sun.misc.Unsafe.prefetchRead(Ljava/lang/Object;J)V name or signature does not match> (0x00000000d5d07fa8) thrown at [C:\jenkins\workspace\8-2-build-windows-amd64-cygwin\jdk8u251\737\hotspot\src\share\vm\p

Events (10 events):
Event: 0.248 loading class java/util/ArrayList$Itr
Event: 0.248 loading class java/util/ArrayList$Itr done
Event: 0.248 loading class sun/net/NetHooks
Event: 0.248 loading class sun/net/NetHooks done
Event: 0.271 loading class java/net/Socket$2
Event: 0.272 loading class java/net/Socket$2 done
Event: 0.272 loading class java/net/SocketInputStream
Event: 0.272 loading class java/net/SocketInputStream done
Event: 0.272 loading class sun/nio/cs/US_ASCII$Decoder
Event: 0.272 loading class sun/nio/cs/US_ASCII$Decoder done


Dynamic libraries:
0x00007ff675aa0000 - 0x00007ff675ad7000 	C:\Program Files\Java\jdk1.8.0_251\bin\java.exe
0x00007ffcc69d0000 - 0x00007ffcc6bc5000 	C:\WINDOWS\SYSTEM32\ntdll.dll
0x00007ffcc5300000 - 0x00007ffcc53bd000 	C:\WINDOWS\System32\KERNEL32.DLL
0x00007ffcc4360000 - 0x00007ffcc4628000 	C:\WINDOWS\System32\KERNELBASE.dll
0x00007ffcc5e30000 - 0x00007ffcc5edc000 	C:\WINDOWS\System32\ADVAPI32.dll
0x00007ffcc6790000 - 0x00007ffcc682e000 	C:\WINDOWS\System32\msvcrt.dll
0x00007ffcc6530000 - 0x00007ffcc65cb000 	C:\WINDOWS\System32\sechost.dll
0x00007ffcc5b90000 - 0x00007ffcc5cbb000 	C:\WINDOWS\System32\RPCRT4.dll
0x00007ffcc5540000 - 0x00007ffcc56e0000 	C:\WINDOWS\System32\USER32.dll
0x00007ffcc4900000 - 0x00007ffcc4922000 	C:\WINDOWS\System32\win32u.dll
0x00007ffcc6500000 - 0x00007ffcc652a000 	C:\WINDOWS\System32\GDI32.dll
0x00007ffcc4630000 - 0x00007ffcc473b000 	C:\WINDOWS\System32\gdi32full.dll
0x00007ffcc4110000 - 0x00007ffcc41ad000 	C:\WINDOWS\System32\msvcp_win.dll
0x00007ffcc4930000 - 0x00007ffcc4a30000 	C:\WINDOWS\System32\ucrtbase.dll
0x00007ffcb01c0000 - 0x00007ffcb045a000 	C:\WINDOWS\WinSxS\amd64_microsoft.windows.common-controls_6595b64144ccf1df_6.0.19041.844_none_ca00b6081b84eb1d\COMCTL32.dll
0x00007ffcc5ab0000 - 0x00007ffcc5ae0000 	C:\WINDOWS\System32\IMM32.DLL
0x0000000052050000 - 0x0000000052122000 	C:\Program Files\Java\jdk1.8.0_251\jre\bin\msvcr100.dll
0x0000000076840000 - 0x00000000770eb000 	C:\Program Files\Java\jdk1.8.0_251\jre\bin\server\jvm.dll
0x00007ffcc6980000 - 0x00007ffcc6988000 	C:\WINDOWS\System32\PSAPI.DLL
0x00007ffcb4210000 - 0x00007ffcb4237000 	C:\WINDOWS\SYSTEM32\WINMM.dll
0x00007ffcbf840000 - 0x00007ffcbf849000 	C:\WINDOWS\SYSTEM32\WSOCK32.dll
0x00007ffcb5870000 - 0x00007ffcb587a000 	C:\WINDOWS\SYSTEM32\VERSION.dll
0x00007ffcc6830000 - 0x00007ffcc689b000 	C:\WINDOWS\System32\WS2_32.dll
0x00007ffcc0e50000 - 0x00007ffcc0e5f000 	C:\Program Files\Java\jdk1.8.0_251\jre\bin\verify.dll
0x00007ffcb5220000 - 0x00007ffcb5249000 	C:\Program Files\Java\jdk1.8.0_251\jre\bin\java.dll
0x00007ffc9b7c0000 - 0x00007ffc9b7e3000 	C:\Program Files\Java\jdk1.8.0_251\jre\bin\instrument.dll
0x00007ffcb5320000 - 0x00007ffcb5336000 	C:\Program Files\Java\jdk1.8.0_251\jre\bin\zip.dll
0x00007ffcc4bb0000 - 0x00007ffcc52f2000 	C:\WINDOWS\System32\SHELL32.dll
0x00007ffcc1f00000 - 0x00007ffcc2690000 	C:\WINDOWS\SYSTEM32\windows.storage.dll
0x00007ffcc56e0000 - 0x00007ffcc5a35000 	C:\WINDOWS\System32\combase.dll
0x00007ffcc3ab0000 - 0x00007ffcc3adc000 	C:\WINDOWS\SYSTEM32\Wldp.dll
0x00007ffcc5490000 - 0x00007ffcc553e000 	C:\WINDOWS\System32\SHCORE.dll
0x00007ffcc5dd0000 - 0x00007ffcc5e25000 	C:\WINDOWS\System32\shlwapi.dll
0x00007ffcc4050000 - 0x00007ffcc406f000 	C:\WINDOWS\SYSTEM32\profapi.dll
0x00007ffca0a20000 - 0x00007ffca0a3a000 	C:\Program Files\JetBrains\IntelliJ IDEA Community Edition 2021.1.1\bin\breakgen64.dll
0x00007ffc9ba40000 - 0x00007ffc9ba5a000 	C:\Program Files\Java\jdk1.8.0_251\jre\bin\net.dll
0x00007ffcc3820000 - 0x00007ffcc388a000 	C:\WINDOWS\system32\mswsock.dll
0x0000000062400000 - 0x0000000062414000 	C:\Users\akash\Desktop\SimpleHello\src\hello.dll
0x00007ffcc27d0000 - 0x00007ffcc29b4000 	C:\WINDOWS\SYSTEM32\dbghelp.dll
0x00007ffcc4290000 - 0x00007ffcc4310000 	C:\WINDOWS\System32\bcryptPrimitives.dll

VM Arguments:
jvm_args: -Djava.library.path=C:\Users\akash\Desktop\SimpleHello\src -javaagent:C:\Program Files\JetBrains\IntelliJ IDEA Community Edition 2021.1.1\lib\idea_rt.jar=56336:C:\Program Files\JetBrains\IntelliJ IDEA Community Edition 2021.1.1\bin -Dfile.encoding=UTF-8 
java_command: HelloJNI
java_class_path (initial): C:\Program Files\Java\jdk1.8.0_251\jre\lib\charsets.jar;C:\Program Files\Java\jdk1.8.0_251\jre\lib\deploy.jar;C:\Program Files\Java\jdk1.8.0_251\jre\lib\ext\access-bridge-64.jar;C:\Program Files\Java\jdk1.8.0_251\jre\lib\ext\cldrdata.jar;C:\Program Files\Java\jdk1.8.0_251\jre\lib\ext\dnsns.jar;C:\Program Files\Java\jdk1.8.0_251\jre\lib\ext\jaccess.jar;C:\Program Files\Java\jdk1.8.0_251\jre\lib\ext\jfxrt.jar;C:\Program Files\Java\jdk1.8.0_251\jre\lib\ext\localedata.jar;C:\Program Files\Java\jdk1.8.0_251\jre\lib\ext\nashorn.jar;C:\Program Files\Java\jdk1.8.0_251\jre\lib\ext\sunec.jar;C:\Program Files\Java\jdk1.8.0_251\jre\lib\ext\sunjce_provider.jar;C:\Program Files\Java\jdk1.8.0_251\jre\lib\ext\sunmscapi.jar;C:\Program Files\Java\jdk1.8.0_251\jre\lib\ext\sunpkcs11.jar;C:\Program Files\Java\jdk1.8.0_251\jre\lib\ext\zipfs.jar;C:\Program Files\Java\jdk1.8.0_251\jre\lib\javaws.jar;C:\Program Files\Java\jdk1.8.0_251\jre\lib\jce.jar;C:\Program Files\Java\jdk1.8.0_251\jre\lib\jfr.jar;C:\Program Files\Java\jdk1.8.0_251\jre\lib\jfxswt.jar;C:\Program Files\Java\jdk1.8.0_251\jre\lib\jsse.jar;C:\Program Files\Java\jdk1.8.0_251\jre\lib\management-agent.jar;C:\Program Files\Java\jdk1.8.0_251\jre\lib\plugin.jar;C:\Program Files\Java\jdk1.8.0_251\jre\lib\resources.jar;C:\Program Files\Java\jdk1.8.0_251\jre\lib\rt.jar;C:\Users\akash\Desktop\SimpleHello\out\production\SimpleHello;C:\Program Files\JetBrains\IntelliJ IDEA Community Edition 2021.1.1\lib\idea_rt.jar
Launcher Type: SUN_STANDARD

Environment Variables:
PATH=C:\Program Files (x86)\Common Files\Oracle\Java\javapath;C:\Program Files\Java\jdk1.8.0_251\bin;C:\WINDOWS\system32;C:\WINDOWS;C:\WINDOWS\System32\Wbem;C:\WINDOWS\System32\WindowsPowerShell\v1.0\;C:\WINDOWS\System32\OpenSSH\;C:\Program Files\Git\cmd;C:\Program Files\nodejs\;C:\MinGW\bin;C:\Users\akash\AppData\Local\Microsoft\WindowsApps;C:\Users\akash\AppData\Roaming\npm;C:\Users\akash\AppData\Local\Programs\Microsoft VS Code\bin;C:\Users\akash\AppData\Local\GitHubDesktop\bin;C:\Program Files\JetBrains\IntelliJ IDEA Community Edition 2021.1.1\bin;
USERNAME=akash
OS=Windows_NT
PROCESSOR_IDENTIFIER=Intel64 Family 6 Model 142 Stepping 10, GenuineIntel



---------------  S Y S T E M  ---------------

OS: Windows 10.0 , 64 bit Build 19041 (10.0.19041.928)

CPU:total 8 (initial active 8) (4 cores per cpu, 2 threads per core) family 6 model 142 stepping 10, cmov, cx8, fxsr, mmx, sse, sse2, sse3, ssse3, sse4.1, sse4.2, popcnt, avx, avx2, aes, clmul, erms, 3dnowpref, lzcnt, ht, tsc, tscinvbit, bmi1, bmi2, adx

Memory: 4k page, physical 8295652k(1332940k free), swap 13538532k(2952432k free)

vm_info: Java HotSpot(TM) 64-Bit Server VM (25.251-b08) for windows-amd64 JRE (1.8.0_251-b08), built on Mar 12 2020 06:31:49 by "" with MS VC++ 10.0 (VS2010)

time: Sat Jun 05 15:46:10 2021
timezone: India Standard Time
elapsed time: 4 seconds (0d 0h 0m 4s)

