#
# A fatal error has been detected by the Java Runtime Environment:
#
#  EXCEPTION_ACCESS_VIOLATION (0xc0000005) at pc=0x00007ffcc67df8b6, pid=18772, tid=0x000000000000492c
#
# JRE version: Java(TM) SE Runtime Environment (8.0_251-b08) (build 1.8.0_251-b08)
# Java VM: Java HotSpot(TM) 64-Bit Server VM (25.251-b08 mixed mode windows-amd64 compressed oops)
# Problematic frame:
# C  [msvcrt.dll+0x4f8b6]
#
# Failed to write core dump. Minidumps are not enabled by default on client versions of Windows
#
# If you would like to submit a bug report, please visit:
#   http://bugreport.java.com/bugreport/crash.jsp
# The crash happened outside the Java Virtual Machine in native code.
# See problematic frame for where to report the bug.
#

---------------  T H R E A D  ---------------

Current thread (0x0000000002cd3000):  JavaThread "main" [_thread_in_native, id=18732, stack(0x0000000002a10000,0x0000000002b10000)]

siginfo: ExceptionCode=0xc0000005, reading address 0x00000000000081b6

Registers:
RAX=0x00000000000081b6, RBX=0x00000000000081b6, RCX=0x0000000000000009, RDX=0x0000000000000073
RSP=0x0000000002b0f370, RBP=0x0000000002b0f470, RSI=0x0000000062404117, RDI=0x0000000002b0f673
R8 =0xffffffffffffffff, R9 =0x0000000000000007, R10=0x0000000000000000, R11=0x0000000000000200
R12=0x000000000000000a, R13=0x0000000002b0f6d0, R14=0x0000000000000000, R15=0x0000000000000000
RIP=0x00007ffcc67df8b6, EFLAGS=0x0000000000010206

Top of Stack: (sp=0x0000000002b0f370)
0x0000000002b0f370:   0000000002b0f61e 00000000fffffffe
0x0000000002b0f380:   0000000000000002 0000000000000005
0x0000000002b0f390:   02a0001d001c000c 0000000001260150
0x0000000002b0f3a0:   065aed8700000020 0000000000000008
0x0000000002b0f3b0:   0d37abfe00000000 0000000000000000
0x0000000002b0f3c0:   0000000a00000000 0000000700000000
0x0000000002b0f3d0:   0000000000000000 00007ffcc681fa30
0x0000000002b0f3e0:   0000000076e2ff88 0000000000000000
0x0000000002b0f3f0:   0000000062404117 000000000000000e
0x0000000002b0f400:   00007ffcc681f0a0 0000000001263fb0
0x0000000002b0f410:   0000000001261790 0000000000001001
0x0000000002b0f420:   0000000005000306 0000000001261af6
0x0000000002b0f430:   0000000000000081 00007ffc05000306
0x0000000002b0f440:   0000000001260000 0000000008000008
0x0000000002b0f450:   0000000000001000 0000000000000000
0x0000000002b0f460:   00000000012627b0 0000000005000306 

Instructions: (pc=0x00007ffcc67df8b6)
0x00007ffcc67df896:   c9 75 f0 48 2b c3 48 d1 f8 eb 23 48 85 db 48 8d
0x00007ffcc67df8a6:   05 71 c7 02 00 48 0f 45 c3 48 8b d8 eb 0a ff c9
0x00007ffcc67df8b6:   44 38 10 74 07 48 ff c0 85 c9 75 f2 2b c3 89 44
0x00007ffcc67df8c6:   24 4c e9 8c 02 00 00 41 bc 10 00 00 00 41 0f ba 


Register to memory mapping:

RAX=0x00000000000081b6 is an unknown value
RBX=0x00000000000081b6 is an unknown value
RCX=0x0000000000000009 is an unknown value
RDX=0x0000000000000073 is an unknown value
RSP=0x0000000002b0f370 is pointing into the stack for thread: 0x0000000002cd3000
RBP=0x0000000002b0f470 is pointing into the stack for thread: 0x0000000002cd3000
RSI=0x0000000062404117 is an unknown value
RDI=0x0000000002b0f673 is pointing into the stack for thread: 0x0000000002cd3000
R8 =0xffffffffffffffff is an unknown value
R9 =0x0000000000000007 is an unknown value
R10=0x0000000000000000 is an unknown value
R11=0x0000000000000200 is an unknown value
R12=0x000000000000000a is an unknown value
R13=0x0000000002b0f6d0 is pointing into the stack for thread: 0x0000000002cd3000
R14=0x0000000000000000 is an unknown value
R15=0x0000000000000000 is an unknown value


Stack: [0x0000000002a10000,0x0000000002b10000],  sp=0x0000000002b0f370,  free space=1020k
Native frames: (J=compiled Java code, j=interpreted, Vv=VM code, C=native code)
C  [msvcrt.dll+0x4f8b6]
C  [msvcrt.dll+0x48bd1]
C  [hello.dll+0x16a3]
C  0x0000000002de8c67

Java frames: (J=compiled Java code, j=interpreted, Vv=VM code)
j  HelloJNI.sayHello()V+0
j  HelloJNI.main([Ljava/lang/String;)V+7
v  ~StubRoutines::call_stub

---------------  P R O C E S S  ---------------

Java Threads: ( => current thread )
  0x0000000019cac000 JavaThread "Service Thread" daemon [_thread_blocked, id=412, stack(0x000000001a940000,0x000000001aa40000)]
  0x0000000019bbc800 JavaThread "C1 CompilerThread3" daemon [_thread_blocked, id=21528, stack(0x000000001a840000,0x000000001a940000)]
  0x0000000019bbb800 JavaThread "C2 CompilerThread2" daemon [_thread_blocked, id=21660, stack(0x000000001a740000,0x000000001a840000)]
  0x0000000019bb7000 JavaThread "C2 CompilerThread1" daemon [_thread_blocked, id=25344, stack(0x000000001a640000,0x000000001a740000)]
  0x0000000019b95000 JavaThread "C2 CompilerThread0" daemon [_thread_blocked, id=10512, stack(0x000000001a540000,0x000000001a640000)]
  0x0000000019c03800 JavaThread "Monitor Ctrl-Break" daemon [_thread_in_native, id=9328, stack(0x000000001a440000,0x000000001a540000)]
  0x0000000019b71000 JavaThread "Attach Listener" daemon [_thread_blocked, id=24816, stack(0x000000001a340000,0x000000001a440000)]
  0x0000000019b70000 JavaThread "Signal Dispatcher" daemon [_thread_blocked, id=11508, stack(0x000000001a240000,0x000000001a340000)]
  0x0000000002dc8000 JavaThread "Finalizer" daemon [_thread_blocked, id=3772, stack(0x000000001a040000,0x000000001a140000)]
  0x0000000019b60800 JavaThread "Reference Handler" daemon [_thread_blocked, id=20976, stack(0x0000000019f40000,0x000000001a040000)]
=>0x0000000002cd3000 JavaThread "main" [_thread_in_native, id=18732, stack(0x0000000002a10000,0x0000000002b10000)]

Other Threads:
  0x0000000017d7a000 VMThread [stack: 0x0000000019a40000,0x0000000019b40000] [id=12544]
  0x0000000019cbd000 WatcherThread [stack: 0x000000001aa40000,0x000000001ab40000] [id=11620]

VM state:not at safepoint (normal execution)

VM Mutex/Monitor currently owned by a thread: None

heap address: 0x0000000081600000, size: 2026 MB, Compressed Oops mode: 32-bit
Narrow klass base: 0x0000000000000000, Narrow klass shift: 3
Compressed class space size: 1073741824 Address: 0x0000000100000000

Heap:
 PSYoungGen      total 38400K, used 2678K [0x00000000d5d00000, 0x00000000d8780000, 0x0000000100000000)
  eden space 33280K, 8% used [0x00000000d5d00000,0x00000000d5f9d9d0,0x00000000d7d80000)
  from space 5120K, 0% used [0x00000000d8280000,0x00000000d8280000,0x00000000d8780000)
  to   space 5120K, 0% used [0x00000000d7d80000,0x00000000d7d80000,0x00000000d8280000)
 ParOldGen       total 87552K, used 0K [0x0000000081600000, 0x0000000086b80000, 0x00000000d5d00000)
  object space 87552K, 0% used [0x0000000081600000,0x0000000081600000,0x0000000086b80000)
 Metaspace       used 3123K, capacity 4496K, committed 4864K, reserved 1056768K
  class space    used 343K, capacity 388K, committed 512K, reserved 1048576K

Card table byte_map: [0x0000000012190000,0x0000000012590000] byte_map_base: 0x0000000011d85000

Marking Bits: (ParMarkBitMap*) 0x000000007706af90
 Begin Bits: [0x0000000013040000, 0x0000000014fe8000)
 End Bits:   [0x0000000014fe8000, 0x0000000016f90000)

Polling page: 0x0000000000cf0000

CodeCache: size=245760Kb used=1124Kb max_used=1135Kb free=244635Kb
 bounds [0x0000000002dd0000, 0x0000000003040000, 0x0000000011dd0000]
 total_blobs=283 nmethods=29 adapters=168
 compilation: enabled

Compilation events (10 events):
Event: 0.235 Thread 0x0000000019bbc800   26       3       java.lang.StringBuilder::append (8 bytes)
Event: 0.235 Thread 0x0000000019bbc800 nmethod 26 0x0000000002ee5450 code [0x0000000002ee55c0, 0x0000000002ee5748]
Event: 0.236 Thread 0x0000000019bbb800 nmethod 16 0x0000000002ee8690 code [0x0000000002ee87e0, 0x0000000002ee8a88]
Event: 0.237 Thread 0x0000000019bbc800   27       3       java.lang.String::indexOf (7 bytes)
Event: 0.238 Thread 0x0000000019bbc800 nmethod 27 0x0000000002ee7810 code [0x0000000002ee7980, 0x0000000002ee7b88]
Event: 0.238 Thread 0x0000000019bbc800   28       3       java.util.Arrays::copyOfRange (63 bytes)
Event: 0.238 Thread 0x0000000019bbc800 nmethod 28 0x0000000002ee6590 code [0x0000000002ee67a0, 0x0000000002ee72d8]
Event: 0.238 Thread 0x0000000019bbc800   29       3       java.lang.AbstractStringBuilder::append (50 bytes)
Event: 0.239 Thread 0x0000000019bbc800 nmethod 29 0x0000000002ee5950 code [0x0000000002ee5b20, 0x0000000002ee6278]
Event: 0.240 Thread 0x0000000019bb7000 nmethod 25 0x0000000002eebb50 code [0x0000000002eebca0, 0x0000000002eebfc8]

GC Heap History (0 events):
No events

Deoptimization events (0 events):
No events

Classes redefined (0 events):
No events

Internal exceptions (2 events):
Event: 0.067 Thread 0x0000000002cd3000 Exception <a 'java/lang/NoSuchMethodError': Method sun.misc.Unsafe.defineClass(Ljava/lang/String;[BII)Ljava/lang/Class; name or signature does not match> (0x00000000d5d07cc0) thrown at [C:\jenkins\workspace\8-2-build-windows-amd64-cygwin\jdk8u251\737\hots
Event: 0.067 Thread 0x0000000002cd3000 Exception <a 'java/lang/NoSuchMethodError': Method sun.misc.Unsafe.prefetchRead(Ljava/lang/Object;J)V name or signature does not match> (0x00000000d5d07fa8) thrown at [C:\jenkins\workspace\8-2-build-windows-amd64-cygwin\jdk8u251\737\hotspot\src\share\vm\p

Events (10 events):
Event: 0.239 loading class java/util/ArrayList$Itr
Event: 0.239 loading class java/util/ArrayList$Itr done
Event: 0.239 loading class sun/net/NetHooks
Event: 0.239 loading class sun/net/NetHooks done
Event: 0.257 loading class java/net/Socket$2
Event: 0.258 loading class java/net/Socket$2 done
Event: 0.258 loading class java/net/SocketInputStream
Event: 0.258 loading class java/net/SocketInputStream done
Event: 0.258 loading class sun/nio/cs/US_ASCII$Decoder
Event: 0.258 loading class sun/nio/cs/US_ASCII$Decoder done


Dynamic libraries:
0x00007ff675aa0000 - 0x00007ff675ad7000 	C:\Program Files\Java\jdk1.8.0_251\bin\java.exe
0x00007ffcc69d0000 - 0x00007ffcc6bc5000 	C:\WINDOWS\SYSTEM32\ntdll.dll
0x00007ffcc5300000 - 0x00007ffcc53bd000 	C:\WINDOWS\System32\KERNEL32.DLL
0x00007ffcc4360000 - 0x00007ffcc4628000 	C:\WINDOWS\System32\KERNELBASE.dll
0x00007ffcc5e30000 - 0x00007ffcc5edc000 	C:\WINDOWS\System32\ADVAPI32.dll
0x00007ffcc6790000 - 0x00007ffcc682e000 	C:\WINDOWS\System32\msvcrt.dll
0x00007ffcc6530000 - 0x00007ffcc65cb000 	C:\WINDOWS\System32\sechost.dll
0x00007ffcc5b90000 - 0x00007ffcc5cbb000 	C:\WINDOWS\System32\RPCRT4.dll
0x00007ffcc5540000 - 0x00007ffcc56e0000 	C:\WINDOWS\System32\USER32.dll
0x00007ffcc4900000 - 0x00007ffcc4922000 	C:\WINDOWS\System32\win32u.dll
0x00007ffcc6500000 - 0x00007ffcc652a000 	C:\WINDOWS\System32\GDI32.dll
0x00007ffcc4630000 - 0x00007ffcc473b000 	C:\WINDOWS\System32\gdi32full.dll
0x00007ffcc4110000 - 0x00007ffcc41ad000 	C:\WINDOWS\System32\msvcp_win.dll
0x00007ffcc4930000 - 0x00007ffcc4a30000 	C:\WINDOWS\System32\ucrtbase.dll
0x00007ffcb01c0000 - 0x00007ffcb045a000 	C:\WINDOWS\WinSxS\amd64_microsoft.windows.common-controls_6595b64144ccf1df_6.0.19041.844_none_ca00b6081b84eb1d\COMCTL32.dll
0x00007ffcc5ab0000 - 0x00007ffcc5ae0000 	C:\WINDOWS\System32\IMM32.DLL
0x0000000052050000 - 0x0000000052122000 	C:\Program Files\Java\jdk1.8.0_251\jre\bin\msvcr100.dll
0x0000000076840000 - 0x00000000770eb000 	C:\Program Files\Java\jdk1.8.0_251\jre\bin\server\jvm.dll
0x00007ffcc6980000 - 0x00007ffcc6988000 	C:\WINDOWS\System32\PSAPI.DLL
0x00007ffcb4210000 - 0x00007ffcb4237000 	C:\WINDOWS\SYSTEM32\WINMM.dll
0x00007ffcb5870000 - 0x00007ffcb587a000 	C:\WINDOWS\SYSTEM32\VERSION.dll
0x00007ffcbf840000 - 0x00007ffcbf849000 	C:\WINDOWS\SYSTEM32\WSOCK32.dll
0x00007ffcc6830000 - 0x00007ffcc689b000 	C:\WINDOWS\System32\WS2_32.dll
0x00007ffcc0e50000 - 0x00007ffcc0e5f000 	C:\Program Files\Java\jdk1.8.0_251\jre\bin\verify.dll
0x00007ffcb5220000 - 0x00007ffcb5249000 	C:\Program Files\Java\jdk1.8.0_251\jre\bin\java.dll
0x00007ffc96d30000 - 0x00007ffc96d53000 	C:\Program Files\Java\jdk1.8.0_251\jre\bin\instrument.dll
0x00007ffcb5320000 - 0x00007ffcb5336000 	C:\Program Files\Java\jdk1.8.0_251\jre\bin\zip.dll
0x00007ffcc4bb0000 - 0x00007ffcc52f2000 	C:\WINDOWS\System32\SHELL32.dll
0x00007ffcc1f00000 - 0x00007ffcc2690000 	C:\WINDOWS\SYSTEM32\windows.storage.dll
0x00007ffcc56e0000 - 0x00007ffcc5a35000 	C:\WINDOWS\System32\combase.dll
0x00007ffcc3ab0000 - 0x00007ffcc3adc000 	C:\WINDOWS\SYSTEM32\Wldp.dll
0x00007ffcc5490000 - 0x00007ffcc553e000 	C:\WINDOWS\System32\SHCORE.dll
0x00007ffcc5dd0000 - 0x00007ffcc5e25000 	C:\WINDOWS\System32\shlwapi.dll
0x00007ffcc4050000 - 0x00007ffcc406f000 	C:\WINDOWS\SYSTEM32\profapi.dll
0x00007ffc9ba40000 - 0x00007ffc9ba5a000 	C:\Program Files\JetBrains\IntelliJ IDEA Community Edition 2021.1.1\bin\breakgen64.dll
0x00007ffc8fc30000 - 0x00007ffc8fc4a000 	C:\Program Files\Java\jdk1.8.0_251\jre\bin\net.dll
0x00007ffcc3820000 - 0x00007ffcc388a000 	C:\WINDOWS\system32\mswsock.dll
0x0000000062400000 - 0x0000000062414000 	C:\Users\akash\Desktop\SimpleHello\src\hello.dll
0x00007ffcc27d0000 - 0x00007ffcc29b4000 	C:\WINDOWS\SYSTEM32\dbghelp.dll
0x00007ffcc4290000 - 0x00007ffcc4310000 	C:\WINDOWS\System32\bcryptPrimitives.dll

VM Arguments:
jvm_args: -Djava.library.path=C:\Users\akash\Desktop\SimpleHello\src -javaagent:C:\Program Files\JetBrains\IntelliJ IDEA Community Edition 2021.1.1\lib\idea_rt.jar=59693:C:\Program Files\JetBrains\IntelliJ IDEA Community Edition 2021.1.1\bin -Dfile.encoding=UTF-8 
java_command: HelloJNI
java_class_path (initial): C:\Program Files\Java\jdk1.8.0_251\jre\lib\charsets.jar;C:\Program Files\Java\jdk1.8.0_251\jre\lib\deploy.jar;C:\Program Files\Java\jdk1.8.0_251\jre\lib\ext\access-bridge-64.jar;C:\Program Files\Java\jdk1.8.0_251\jre\lib\ext\cldrdata.jar;C:\Program Files\Java\jdk1.8.0_251\jre\lib\ext\dnsns.jar;C:\Program Files\Java\jdk1.8.0_251\jre\lib\ext\jaccess.jar;C:\Program Files\Java\jdk1.8.0_251\jre\lib\ext\jfxrt.jar;C:\Program Files\Java\jdk1.8.0_251\jre\lib\ext\localedata.jar;C:\Program Files\Java\jdk1.8.0_251\jre\lib\ext\nashorn.jar;C:\Program Files\Java\jdk1.8.0_251\jre\lib\ext\sunec.jar;C:\Program Files\Java\jdk1.8.0_251\jre\lib\ext\sunjce_provider.jar;C:\Program Files\Java\jdk1.8.0_251\jre\lib\ext\sunmscapi.jar;C:\Program Files\Java\jdk1.8.0_251\jre\lib\ext\sunpkcs11.jar;C:\Program Files\Java\jdk1.8.0_251\jre\lib\ext\zipfs.jar;C:\Program Files\Java\jdk1.8.0_251\jre\lib\javaws.jar;C:\Program Files\Java\jdk1.8.0_251\jre\lib\jce.jar;C:\Program Files\Java\jdk1.8.0_251\jre\lib\jfr.jar;C:\Program Files\Java\jdk1.8.0_251\jre\lib\jfxswt.jar;C:\Program Files\Java\jdk1.8.0_251\jre\lib\jsse.jar;C:\Program Files\Java\jdk1.8.0_251\jre\lib\management-agent.jar;C:\Program Files\Java\jdk1.8.0_251\jre\lib\plugin.jar;C:\Program Files\Java\jdk1.8.0_251\jre\lib\resources.jar;C:\Program Files\Java\jdk1.8.0_251\jre\lib\rt.jar;C:\Users\akash\Desktop\SimpleHello\out\production\SimpleHello;C:\Program Files\JetBrains\IntelliJ IDEA Community Edition 2021.1.1\lib\idea_rt.jar
Launcher Type: SUN_STANDARD

Environment Variables:
PATH=C:\Program Files (x86)\Common Files\Oracle\Java\javapath;C:\Program Files\Java\jdk1.8.0_251\bin;C:\WINDOWS\system32;C:\WINDOWS;C:\WINDOWS\System32\Wbem;C:\WINDOWS\System32\WindowsPowerShell\v1.0\;C:\WINDOWS\System32\OpenSSH\;C:\Program Files\Git\cmd;C:\Program Files\nodejs\;C:\MinGW\bin;C:\Users\akash\AppData\Local\Microsoft\WindowsApps;C:\Users\akash\AppData\Roaming\npm;C:\Users\akash\AppData\Local\Programs\Microsoft VS Code\bin;C:\Users\akash\AppData\Local\GitHubDesktop\bin;C:\Program Files\JetBrains\IntelliJ IDEA Community Edition 2021.1.1\bin;
USERNAME=akash
OS=Windows_NT
PROCESSOR_IDENTIFIER=Intel64 Family 6 Model 142 Stepping 10, GenuineIntel



---------------  S Y S T E M  ---------------

OS: Windows 10.0 , 64 bit Build 19041 (10.0.19041.928)

CPU:total 8 (initial active 8) (4 cores per cpu, 2 threads per core) family 6 model 142 stepping 10, cmov, cx8, fxsr, mmx, sse, sse2, sse3, ssse3, sse4.1, sse4.2, popcnt, avx, avx2, aes, clmul, erms, 3dnowpref, lzcnt, ht, tsc, tscinvbit, bmi1, bmi2, adx

Memory: 4k page, physical 8295652k(1401012k free), swap 13538532k(2957568k free)

vm_info: Java HotSpot(TM) 64-Bit Server VM (25.251-b08) for windows-amd64 JRE (1.8.0_251-b08), built on Mar 12 2020 06:31:49 by "" with MS VC++ 10.0 (VS2010)

time: Sat Jun 05 15:54:38 2021
timezone: India Standard Time
elapsed time: 0 seconds (0d 0h 0m 0s)

